<?xml version="1.0" encoding="UTF-8"?>
<testng-results skipped="0" failed="0" total="2" passed="2">
  <reporter-output>
  </reporter-output>
  <suite name="Tests" duration-ms="82094" started-at="2013-05-03T14:39:13Z" finished-at="2013-05-03T14:40:35Z">
    <groups>
    </groups>
    <test name="Test1" duration-ms="82094" started-at="2013-05-03T14:39:13Z" finished-at="2013-05-03T14:40:35Z">
      <class name="ru.st.selenium.SignUp">
        <test-method status="PASS" signature="init()[pri:0, instance:ru.st.selenium.SignUp@5a84f3c]" name="init" is-config="true" duration-ms="629" started-at="2013-05-03T17:40:08Z" finished-at="2013-05-03T17:40:08Z">
          <reporter-output>
          </reporter-output>
        </test-method> <!-- init -->
        <test-method status="PASS" signature="testSignUp()[pri:0, instance:ru.st.selenium.SignUp@5a84f3c]" name="testSignUp" duration-ms="26823" started-at="2013-05-03T17:40:08Z" finished-at="2013-05-03T17:40:35Z">
          <reporter-output>
          </reporter-output>
        </test-method> <!-- testSignUp -->
      </class> <!-- ru.st.selenium.SignUp -->
      <class name="ru.st.selenium.ForgottenPassword">
        <test-method status="PASS" signature="init()[pri:0, instance:ru.st.selenium.ForgottenPassword@2d13e4ef]" name="init" is-config="true" duration-ms="15287" started-at="2013-05-03T17:39:13Z" finished-at="2013-05-03T17:39:28Z">
          <reporter-output>
          </reporter-output>
        </test-method> <!-- init -->
        <test-method status="PASS" signature="testForgottenPassword()[pri:0, instance:ru.st.selenium.ForgottenPassword@2d13e4ef]" name="testForgottenPassword" duration-ms="39325" started-at="2013-05-03T17:39:28Z" finished-at="2013-05-03T17:40:08Z">
          <reporter-output>
          </reporter-output>
        </test-method> <!-- testForgottenPassword -->
        <test-method status="PASS" signature="tearDown()[pri:0, instance:ru.st.selenium.ForgottenPassword@2d13e4ef]" name="tearDown" is-config="true" duration-ms="388" started-at="2013-05-03T17:40:35Z" finished-at="2013-05-03T17:40:36Z">
          <reporter-output>
          </reporter-output>
        </test-method> <!-- tearDown -->
      </class> <!-- ru.st.selenium.ForgottenPassword -->
    </test> <!-- Test1 -->
  </suite> <!-- Tests -->
</testng-results>
